<?xml version="1.0" encoding="UTF-8" standalone="no"?>
<testsuite errors="0" failures="0" name="io.cucumber.core.plugin.JUnitFormatter" skipped="0" tests="3" time="0.371">
    <testcase classname="Uber Booking Feature" name="Booking Cab Sedan" time="0.096">
        <system-out><![CDATA[Given User wants to select a car type "sedan" from uber app.................passed
When User selects car "sedan" and pick up point "Bangalore" and drop location "Pune".passed
Then Driver starts the journey..............................................passed
And Driver ends the journey.................................................passed
Then User pays 1000 USD.....................................................passed
]]></system-out>
    </testcase>
    <testcase classname="Uber Booking Feature" name="Booking Cab SUV" time="0.007">
        <system-out><![CDATA[Given User wants to select a car type "SUV" from uber app...................passed
When User selects car "SUV" and pick up point "Chennai" and drop location "Bangalore".passed
Then Driver starts the journey..............................................passed
And Driver ends the journey.................................................passed
Then User pays 1000 USD.....................................................passed
]]></system-out>
    </testcase>
    <testcase classname="Uber Booking Feature" name="Booking Cab for Mini" time="0.008">
        <system-out><![CDATA[Given User wants to select a car type "Mini" from uber app..................passed
When User selects car "Mini" and pick up point "Chennai" and drop location "Pondicherry".passed
Then Driver starts the journey..............................................passed
And Driver ends the journey.................................................passed
Then User pays 1000 USD.....................................................passed
]]></system-out>
    </testcase>
</testsuite>
